<?xml version="1.0" encoding="UTF-8"?>
<testng-results ignored="0" total="4" passed="4" failed="0" skipped="0">
  <reporter-output>
  </reporter-output>
  <suite started-at="2022-02-05T19:55:41 NZDT" name="Default suite" finished-at="2022-02-05T19:56:04 NZDT" duration-ms="23048">
    <groups>
    </groups>
    <test started-at="2022-02-05T19:55:41 NZDT" name="Default test" finished-at="2022-02-05T19:56:04 NZDT" duration-ms="23048">
      <class name="com.planit.Jupiter4">
        <test-method is-config="true" signature="launchWebsite()[pri:0, instance:com.planit.Jupiter4@6a192cfe]" started-at="2022-02-05T19:55:41 NZDT" name="launchWebsite" finished-at="2022-02-05T19:55:50 NZDT" duration-ms="8993" status="PASS">
          <reporter-output>
          </reporter-output>
        </test-method> <!-- launchWebsite -->
        <test-method signature="buyProducts()[pri:0, instance:com.planit.Jupiter4@6a192cfe]" started-at="2022-02-05T19:55:50 NZDT" name="buyProducts" finished-at="2022-02-05T19:56:03 NZDT" duration-ms="13093" status="PASS">
          <reporter-output>
          </reporter-output>
        </test-method> <!-- buyProducts -->
        <test-method signature="verifyProductPrice()[pri:1, instance:com.planit.Jupiter4@6a192cfe]" started-at="2022-02-05T19:56:03 NZDT" name="verifyProductPrice" finished-at="2022-02-05T19:56:04 NZDT" duration-ms="287" status="PASS">
          <reporter-output>
          </reporter-output>
        </test-method> <!-- verifyProductPrice -->
        <test-method signature="VerifyProductSubTotal()[pri:2, instance:com.planit.Jupiter4@6a192cfe]" started-at="2022-02-05T19:56:04 NZDT" name="VerifyProductSubTotal" finished-at="2022-02-05T19:56:04 NZDT" duration-ms="399" status="PASS">
          <reporter-output>
          </reporter-output>
        </test-method> <!-- VerifyProductSubTotal -->
        <test-method signature="verifyTotal()[pri:3, instance:com.planit.Jupiter4@6a192cfe]" started-at="2022-02-05T19:56:04 NZDT" name="verifyTotal" finished-at="2022-02-05T19:56:04 NZDT" duration-ms="50" status="PASS">
          <reporter-output>
          </reporter-output>
        </test-method> <!-- verifyTotal -->
        <test-method is-config="true" signature="closeBrowser()[pri:0, instance:com.planit.Jupiter4@6a192cfe]" started-at="2022-02-05T19:56:04 NZDT" name="closeBrowser" finished-at="2022-02-05T19:56:04 NZDT" duration-ms="159" status="PASS">
          <reporter-output>
          </reporter-output>
        </test-method> <!-- closeBrowser -->
      </class> <!-- com.planit.Jupiter4 -->
    </test> <!-- Default test -->
  </suite> <!-- Default suite -->
</testng-results>
