<?xml version="1.0" encoding="UTF-8"?>
<!-- Generated by org.testng.reporters.JUnitXMLReporter -->
<testsuite ignored="0" hostname="Vinnu" failures="0" tests="4" name="Jupiter4" time="22.654" errors="0" timestamp="2022-02-05T15:24:37 NZDT">
  <testcase classname="com.planit.Jupiter4" name="buyProducts" time="13.203"/>
  <testcase classname="com.planit.Jupiter4" name="verifyProductPrice" time="0.297"/>
  <testcase classname="com.planit.Jupiter4" name="VerifyProductSubTotal" time="0.438"/>
  <testcase classname="com.planit.Jupiter4" name="verifyTotal" time="0.053"/>
</testsuite> <!-- Jupiter4 -->
