<?xml version="1.0" encoding="UTF-8"?>
<!-- Generated by org.testng.reporters.JUnitXMLReporter -->
<testsuite ignored="0" hostname="Vinnu" failures="0" tests="5" name="Jupiter2" time="92.944" errors="0" timestamp="2022-02-05T15:23:20 NZDT">
  <testcase classname="com.planit.Jupiter2" name="contactPage" time="21.964"/>
  <testcase classname="com.planit.Jupiter2" name="contactPage" time="11.596"/>
  <testcase classname="com.planit.Jupiter2" name="contactPage" time="20.802"/>
  <testcase classname="com.planit.Jupiter2" name="contactPage" time="13.013"/>
  <testcase classname="com.planit.Jupiter2" name="contactPage" time="21.402"/>
</testsuite> <!-- Jupiter2 -->
