<?xml version="1.0" encoding="UTF-8"?>
<!-- Generated by org.testng.reporters.JUnitXMLReporter -->
<testsuite ignored="0" hostname="Vinnu" failures="0" tests="4" name="Default test" time="23.048" errors="0" timestamp="2022-02-05T19:56:04 NZDT">
  <testcase classname="com.planit.Jupiter4" name="buyProducts" time="13.093"/>
  <testcase classname="com.planit.Jupiter4" name="verifyProductPrice" time="0.287"/>
  <testcase classname="com.planit.Jupiter4" name="VerifyProductSubTotal" time="0.399"/>
  <testcase classname="com.planit.Jupiter4" name="verifyTotal" time="0.05"/>
</testsuite> <!-- Default test -->
